<?xml version="1.0" encoding="UTF-8"?>
<!-- Generated by org.testng.reporters.JUnitXMLReporter -->
<testsuite hostname="LAPTOP-G32GGVN8" ignored="0" name="Default test" tests="3" failures="0" timestamp="2020-06-06T20:23:39 IST" time="72.259" errors="0">
  <testcase name="verifyProfilePageTitleTest" time="5.037" classname="com.naukari.qa.testcases.ProfilePageTest"/>
  <testcase name="deleteResumefromProfile" time="9.403" classname="com.naukari.qa.testcases.ProfilePageTest"/>
  <testcase name="uploadResumeToProfile" time="9.081" classname="com.naukari.qa.testcases.ProfilePageTest"/>
</testsuite> <!-- Default test -->
