<?xml version="1.0" encoding="UTF-8"?>
<testng-results skipped="0" failed="0" ignored="0" total="1" passed="1">
  <reporter-output>
  </reporter-output>
  <suite name="Suite" duration-ms="23333" started-at="2020-06-07T20:46:01 IST" finished-at="2020-06-07T20:46:25 IST">
    <groups>
    </groups>
    <test name="Test" duration-ms="23333" started-at="2020-06-07T20:46:01 IST" finished-at="2020-06-07T20:46:25 IST">
      <class name="com.naukari.qa.testcases.HomePageTest">
        <test-method status="PASS" signature="setup()[pri:0, instance:com.naukari.qa.testcases.HomePageTest@6737fd8f]" name="setup" is-config="true" duration-ms="8554" started-at="2020-06-07T20:46:01 IST" finished-at="2020-06-07T20:46:10 IST">
          <reporter-output>
          </reporter-output>
        </test-method> <!-- setup -->
        <test-method status="PASS" signature="verifyHomePageTitleTest()[pri:1, instance:com.naukari.qa.testcases.HomePageTest@6737fd8f]" name="verifyHomePageTitleTest" duration-ms="14017" started-at="2020-06-07T20:46:10 IST" finished-at="2020-06-07T20:46:24 IST">
          <reporter-output>
          </reporter-output>
        </test-method> <!-- verifyHomePageTitleTest -->
        <test-method status="PASS" signature="tearDown()[pri:0, instance:com.naukari.qa.testcases.HomePageTest@6737fd8f]" name="tearDown" is-config="true" duration-ms="704" started-at="2020-06-07T20:46:24 IST" finished-at="2020-06-07T20:46:25 IST">
          <reporter-output>
          </reporter-output>
        </test-method> <!-- tearDown -->
      </class> <!-- com.naukari.qa.testcases.HomePageTest -->
    </test> <!-- Test -->
  </suite> <!-- Suite -->
</testng-results>
