<?xml version="1.0" encoding="UTF-8"?>
<!-- Generated by org.testng.reporters.JUnitXMLReporter -->
<testsuite hostname="LAPTOP-G32GGVN8" ignored="0" name="Naukari Test Cases" tests="3" failures="0" timestamp="2020-05-11T22:19:34 IST" time="48.942" errors="0">
  <testcase name="LoginPageTitleTest" time="0.018" classname="com.naukari.qa.testcases.LoginPageTest"/>
  <testcase name="LoginTest" time="0.577" classname="com.naukari.qa.testcases.LoginPageTest"/>
  <testcase name="verifyHomePageTitleTest" time="14.01" classname="com.naukari.qa.testcases.HomePageTest"/>
</testsuite> <!-- Naukari Test Cases -->
